Base path: D:/Program Files (x86)/Unity/Editor/Data
Pipe name: \\.\pipe\UnityShaderCompiler-1-138972
Cmd: getPlatforms
Cmd: preprocess
  insize=2643 outsize=2588 ok=1
Cmd: compileSnippet
  api=4 type=0 insize=5017 outsize=2607 kw=DIRECTIONAL SHADOWS_OFF LIGHTMAP_OFF DIRLIGHTMAP_OFF ok=1
Cmd: compileSnippet
  api=4 type=1 insize=5017 outsize=2834 kw=DIRECTIONAL SHADOWS_OFF LIGHTMAP_OFF DIRLIGHTMAP_OFF ok=1
Cmd: compileSnippet
  api=4 type=0 insize=3056 outsize=2875 kw=POINT ok=1
Cmd: compileSnippet
  api=4 type=1 insize=3056 outsize=3135 kw=POINT ok=1
Cmd: compileSnippet
  api=4 type=0 insize=2552 outsize=1477 kw= ok=1
Cmd: compileSnippet
  api=4 type=1 insize=2552 outsize=632 kw= ok=1
Cmd: compileSnippet
  api=4 type=0 insize=4737 outsize=2883 kw=LIGHTMAP_OFF DIRLIGHTMAP_OFF HDR_LIGHT_PREPASS_OFF ok=1
Cmd: compileSnippet
  api=4 type=1 insize=4737 outsize=2777 kw=LIGHTMAP_OFF DIRLIGHTMAP_OFF HDR_LIGHT_PREPASS_OFF ok=1
Cmd: preprocess
  insize=2102 outsize=2249 ok=1
Cmd: compileSnippet
  api=4 type=0 insize=5042 outsize=3565 kw=DIRECTIONAL SHADOWS_OFF LIGHTMAP_OFF DIRLIGHTMAP_OFF ok=1
Cmd: compileSnippet
  api=4 type=1 insize=5042 outsize=1485 kw=DIRECTIONAL SHADOWS_OFF LIGHTMAP_OFF DIRLIGHTMAP_OFF ok=1
Cmd: compileSnippet
  api=4 type=0 insize=3068 outsize=3833 kw=POINT ok=1
Cmd: compileSnippet
  api=4 type=1 insize=3068 outsize=1786 kw=POINT ok=1
Cmd: compileSnippet
  api=4 type=0 insize=2508 outsize=2379 kw=SHADOWS_DEPTH ok=1
Cmd: compileSnippet
  api=4 type=1 insize=2508 outsize=892 kw=SHADOWS_DEPTH ok=1
Cmd: preprocess
  insize=2228 outsize=2779 ok=1
Cmd: compileSnippet
  api=4 type=0 insize=5021 outsize=3565 kw=DIRECTIONAL SHADOWS_OFF LIGHTMAP_OFF DIRLIGHTMAP_OFF ok=1
Cmd: compileSnippet
  api=4 type=1 insize=5021 outsize=1485 kw=DIRECTIONAL SHADOWS_OFF LIGHTMAP_OFF DIRLIGHTMAP_OFF ok=1
Cmd: compileSnippet
  api=4 type=0 insize=3047 outsize=3833 kw=POINT ok=1
Cmd: compileSnippet
  api=4 type=1 insize=3047 outsize=1786 kw=POINT ok=1
Cmd: compileSnippet
  api=4 type=0 insize=2674 outsize=2655 kw= ok=1
Cmd: compileSnippet
  api=4 type=1 insize=2674 outsize=1063 kw= ok=1
Cmd: compileSnippet
  api=4 type=0 insize=4724 outsize=3842 kw=LIGHTMAP_OFF DIRLIGHTMAP_OFF HDR_LIGHT_PREPASS_OFF ok=1
Cmd: compileSnippet
  api=4 type=1 insize=4724 outsize=1428 kw=LIGHTMAP_OFF DIRLIGHTMAP_OFF HDR_LIGHT_PREPASS_OFF ok=1
Cmd: compileSnippet
  api=4 type=0 insize=2487 outsize=2379 kw=SHADOWS_DEPTH ok=1
Cmd: compileSnippet
  api=4 type=1 insize=2487 outsize=892 kw=SHADOWS_DEPTH ok=1
Cmd: preprocess
  insize=1937 outsize=1892 ok=1
Cmd: compileSnippet
  api=4 type=0 insize=5007 outsize=2607 kw=DIRECTIONAL SHADOWS_OFF LIGHTMAP_OFF DIRLIGHTMAP_OFF ok=1
Cmd: compileSnippet
  api=4 type=1 insize=5007 outsize=2834 kw=DIRECTIONAL SHADOWS_OFF LIGHTMAP_OFF DIRLIGHTMAP_OFF ok=1
Cmd: compileSnippet
  api=4 type=0 insize=3046 outsize=2875 kw=POINT ok=1
Cmd: compileSnippet
  api=4 type=1 insize=3046 outsize=3135 kw=POINT ok=1
Cmd: compileSnippet
  api=4 type=0 insize=2542 outsize=1477 kw= ok=1
Cmd: compileSnippet
  api=4 type=1 insize=2542 outsize=632 kw= ok=1
Cmd: compileSnippet
  api=4 type=0 insize=4727 outsize=2883 kw=LIGHTMAP_OFF DIRLIGHTMAP_OFF HDR_LIGHT_PREPASS_OFF ok=1
Cmd: compileSnippet
  api=4 type=1 insize=4727 outsize=2777 kw=LIGHTMAP_OFF DIRLIGHTMAP_OFF HDR_LIGHT_PREPASS_OFF ok=1
Cmd: compileSnippet
  api=4 type=0 insize=5007 outsize=4329 kw=DIRECTIONAL SHADOWS_OFF LIGHTMAP_OFF DIRLIGHTMAP_OFF VERTEXLIGHT_ON ok=1
Cmd: compileSnippet
  api=4 type=0 insize=3046 outsize=1851 kw=DIRECTIONAL ok=1
Cmd: compileSnippet
  api=4 type=1 insize=3046 outsize=2720 kw=DIRECTIONAL ok=1
Cmd: compileSnippet
  api=4 type=0 insize=5007 outsize=4719 kw=DIRECTIONAL SHADOWS_SCREEN LIGHTMAP_OFF DIRLIGHTMAP_OFF VERTEXLIGHT_ON ok=1
Cmd: compileSnippet
  api=4 type=1 insize=5007 outsize=3094 kw=DIRECTIONAL SHADOWS_SCREEN LIGHTMAP_OFF DIRLIGHTMAP_OFF ok=1
Cmd: compileSnippet
  api=4 type=0 insize=5007 outsize=2997 kw=DIRECTIONAL SHADOWS_SCREEN LIGHTMAP_OFF DIRLIGHTMAP_OFF ok=1
Cmd: compileSnippet
  api=0 type=0 insize=5007 outsize=2565 kw=DIRECTIONAL SHADOWS_OFF LIGHTMAP_OFF DIRLIGHTMAP_OFF ok=1
Cmd: compileSnippet
  api=0 type=0 insize=5007 outsize=3027 kw=DIRECTIONAL SHADOWS_SCREEN LIGHTMAP_OFF DIRLIGHTMAP_OFF ok=1
Cmd: compileSnippet
  api=1 type=0 insize=5007 outsize=794 kw=DIRECTIONAL SHADOWS_SCREEN LIGHTMAP_OFF DIRLIGHTMAP_OFF ok=1
Cmd: compileSnippet
  api=0 type=1 insize=5007 outsize=6 kw=DIRECTIONAL SHADOWS_OFF LIGHTMAP_ON DIRLIGHTMAP_OFF ok=1
Cmd: compileSnippet
  api=1 type=1 insize=5007 outsize=1008 kw=DIRECTIONAL SHADOWS_SCREEN LIGHTMAP_OFF DIRLIGHTMAP_OFF ok=1
Cmd: compileSnippet
  api=0 type=0 insize=3046 outsize=1833 kw=DIRECTIONAL ok=1
Cmd: compileSnippet
  api=4 type=0 insize=3046 outsize=2875 kw=POINT_COOKIE ok=1
Cmd: compileSnippet
  api=0 type=1 insize=3046 outsize=6 kw=DIRECTIONAL ok=1
Cmd: compileSnippet
  api=1 type=1 insize=3046 outsize=1123 kw=POINT_COOKIE ok=1
Cmd: compileSnippet
  api=1 type=0 insize=2542 outsize=212 kw= ok=1
Cmd: compileSnippet
  api=1 type=1 insize=2542 outsize=115 kw= ok=1
Cmd: compileSnippet
  api=4 type=0 insize=4727 outsize=1883 kw=LIGHTMAP_ON DIRLIGHTMAP_ON HDR_LIGHT_PREPASS_OFF ok=1
Cmd: compileSnippet
  api=0 type=0 insize=4727 outsize=2820 kw=LIGHTMAP_OFF DIRLIGHTMAP_OFF HDR_LIGHT_PREPASS_ON ok=1
Cmd: compileSnippet
  api=0 type=1 insize=4727 outsize=6 kw=LIGHTMAP_ON DIRLIGHTMAP_OFF HDR_LIGHT_PREPASS_OFF ok=1
Cmd: compileSnippet
  api=1 type=1 insize=4727 outsize=863 kw=LIGHTMAP_OFF DIRLIGHTMAP_OFF HDR_LIGHT_PREPASS_ON ok=1
Cmd: compileSnippet
  api=4 type=1 insize=4727 outsize=2932 kw=LIGHTMAP_ON DIRLIGHTMAP_ON HDR_LIGHT_PREPASS_ON ok=1
Cmd: compileSnippet
  api=4 type=0 insize=3056 outsize=1851 kw=DIRECTIONAL ok=1
Cmd: compileSnippet
  api=4 type=1 insize=3056 outsize=2720 kw=DIRECTIONAL ok=1
Cmd: compileSnippet
  api=4 type=0 insize=3068 outsize=2810 kw=DIRECTIONAL ok=1
Cmd: compileSnippet
  api=4 type=1 insize=3068 outsize=1372 kw=DIRECTIONAL ok=1
